This file contains any messages produced by compilers while
running configure, to aid debugging if configure makes a mistake.

It was created by PAPI configure 5.5.1.0, which was
generated by GNU Autoconf 2.59.  Invocation command line was

  $ ./configure --prefix=/home/proy/CCProf/CCProf/PAPI/PAPI/install CC=gcc

## --------- ##
## Platform. ##
## --------- ##

hostname = ksunserver3
uname -m = x86_64
uname -r = 4.8.0
uname -s = Linux
uname -v = #22 SMP Tue Mar 21 14:12:08 EDT 2017

/usr/bin/uname -p = unknown
/bin/uname -X     = unknown

/bin/arch              = unknown
/usr/bin/arch -k       = unknown
/usr/convex/getsysinfo = unknown
hostinfo               = unknown
/bin/machine           = unknown
/usr/bin/oslevel       = unknown
/bin/universe          = unknown

PATH: /home/proy/LIBRARIES/advisor/advisor_2018.0.1.486445/bin64
PATH: /home/proy/intelParallelStudeio/compilers_and_libraries_2016.4.258/linux/bin/intel64
PATH: /home/proy/intelParallelStudeio/compilers_and_libraries_2016.4.258/linux/mpi/intel64/bin
PATH: /home/proy/intelParallelStudeio/debugger_2016/gdb/intel64_mic/bin
PATH: /home/proy/LIBRARIES/advisor/advisor_2018.0.1.486445/bin64
PATH: /home/proy/intelParallelStudeio/compilers_and_libraries_2016.4.258/linux/bin/intel64
PATH: /home/proy/intelParallelStudeio/compilers_and_libraries_2016.4.258/linux/mpi/intel64/bin
PATH: /home/proy/intelParallelStudeio/debugger_2016/gdb/intel64_mic/bin
PATH: /opt/intel/bin
PATH: /usr/local/sbin
PATH: /usr/local/bin
PATH: /usr/sbin
PATH: /usr/bin
PATH: /sbin
PATH: /bin
PATH: /usr/games
PATH: /usr/local/games
PATH: /home/proy/LIBRARIES/hwloc-1.11.4/install/bin
PATH: /home/proy/LIBRARIES/papi/papi-5.5.0/install/bin
PATH: /home/proy/LIBRARIES/cmake/cmake-3.6.1/install/bin
PATH: /home/proy/LIBRARIES/unzip60
PATH: /home/proy/LIBRARIES/hpctoolkit/hpctoolkit/install/bin
PATH: /home/proy/LIBRARIES/boost/boost_1_61_0/install
PATH: /home/proy/LIBRARIES/jpeg-9b/install/bin
PATH: /home/proy/LIBRARIES/ImageMagick-7.0.3-1/install/bin
PATH: /home/proy/LIBRARIES/parallel-20160922/install/bin
PATH: /home/proy/LIBRARIES/autotools/m4/m4-1.4.17/install/bin
PATH: /home/proy/benchmarks/memcached/loadtester/treadmill/install/install/bin
PATH: /home/proy/benchmarks/memcached/libevent/libevent/install/bin
PATH: /home/proy/CCProf/MemTool/PAPI/PAPI/install/bin
PATH: /home/proy/LIBRARIES/caffeLibs/.caffeLIB/bin
PATH: /home/proy/LIBRARIES/hwloc-1.11.4/install/bin
PATH: /home/proy/LIBRARIES/papi/papi-5.5.0/install/bin
PATH: /home/proy/LIBRARIES/cmake/cmake-3.6.1/install/bin
PATH: /home/proy/LIBRARIES/unzip60
PATH: /home/proy/LIBRARIES/hpctoolkit/hpctoolkit/install/bin
PATH: /home/proy/LIBRARIES/boost/boost_1_61_0/install
PATH: /home/proy/LIBRARIES/jpeg-9b/install/bin
PATH: /home/proy/LIBRARIES/ImageMagick-7.0.3-1/install/bin
PATH: /home/proy/LIBRARIES/parallel-20160922/install/bin
PATH: /home/proy/LIBRARIES/autotools/m4/m4-1.4.17/install/bin
PATH: /home/proy/benchmarks/memcached/loadtester/treadmill/install/install/bin
PATH: /home/proy/benchmarks/memcached/libevent/libevent/install/bin
PATH: /home/proy/CCProf/MemTool/PAPI/PAPI/install/bin
PATH: /home/proy/LIBRARIES/caffeLibs/.caffeLIB/bin


## ----------- ##
## Core tests. ##
## ----------- ##

configure:1363: checking for architecture
configure:1373: result: x86_64
configure:1383: checking for OS
configure:1396: result: linux
configure:1399: checking for OS version
configure:1411: result: 4.8.0
configure:1414: checking for user events
configure:1417: checking for static user events build
configure:1425: result: 
configure:1428: checking for perf_event workaround level
configure:1439: result: autodetect
configure:1442: checking for if MIC should be used
configure:1459: result: no
configure:1569: checking for C compiler version
configure:1572: gcc --version </dev/null >&5
gcc (Ubuntu 5.4.1-2ubuntu1~14.04) 5.4.1 20160904
Copyright (C) 2015 Free Software Foundation, Inc.
This is free software; see the source for copying conditions.  There is NO
warranty; not even for MERCHANTABILITY or FITNESS FOR A PARTICULAR PURPOSE.

configure:1575: $? = 0
configure:1577: gcc -v </dev/null >&5
Using built-in specs.
COLLECT_GCC=gcc
COLLECT_LTO_WRAPPER=/usr/lib/gcc/x86_64-linux-gnu/5/lto-wrapper
Target: x86_64-linux-gnu
Configured with: ../src/configure -v --with-pkgversion='Ubuntu 5.4.1-2ubuntu1~14.04' --with-bugurl=file:///usr/share/doc/gcc-5/README.Bugs --enable-languages=c,ada,c++,java,go,d,fortran,objc,obj-c++ --prefix=/usr --program-suffix=-5 --enable-shared --enable-linker-build-id --libexecdir=/usr/lib --without-included-gettext --enable-threads=posix --libdir=/usr/lib --enable-nls --with-sysroot=/ --enable-clocale=gnu --enable-libstdcxx-debug --enable-libstdcxx-time=yes --with-default-libstdcxx-abi=gcc4-compatible --disable-libstdcxx-dual-abi --enable-gnu-unique-object --disable-vtable-verify --enable-libmpx --enable-plugin --with-system-zlib --disable-browser-plugin --enable-java-awt=gtk --enable-gtk-cairo --with-java-home=/usr/lib/jvm/java-1.5.0-gcj-5-amd64/jre --enable-java-home --with-jvm-root-dir=/usr/lib/jvm/java-1.5.0-gcj-5-amd64 --with-jvm-jar-dir=/usr/lib/jvm-exports/java-1.5.0-gcj-5-amd64 --with-arch-directory=amd64 --with-ecj-jar=/usr/share/java/eclipse-ecj.jar --enable-objc-gc --enable-multiarch --disable-werror --with-arch-32=i686 --with-abi=m64 --with-multilib-list=m32,m64,mx32 --enable-multilib --with-tune=generic --enable-checking=release --build=x86_64-linux-gnu --host=x86_64-linux-gnu --target=x86_64-linux-gnu
Thread model: posix
gcc version 5.4.1 20160904 (Ubuntu 5.4.1-2ubuntu1~14.04) 
configure:1580: $? = 0
configure:1582: gcc -V </dev/null >&5
gcc: error: unrecognized command line option '-V'
gcc: fatal error: no input files
compilation terminated.
configure:1585: $? = 1
configure:1608: checking for C compiler default output file name
configure:1611: gcc  -g   conftest.c  >&5
configure:1614: $? = 0
configure:1660: result: a.out
configure:1665: checking whether the C compiler works
configure:1671: ./a.out
configure:1674: $? = 0
configure:1691: result: yes
configure:1698: checking whether we are cross compiling
configure:1700: result: no
configure:1703: checking for suffix of executables
configure:1705: gcc -o conftest  -g   conftest.c  >&5
configure:1708: $? = 0
configure:1733: result: 
configure:1739: checking for suffix of object files
configure:1760: gcc -c  -g  conftest.c >&5
configure:1763: $? = 0
configure:1785: result: o
configure:1789: checking whether we are using the GNU C compiler
configure:1813: gcc -c  -g  conftest.c >&5
configure:1819: $? = 0
configure:1823: test -z 
			 || test ! -s conftest.err
configure:1826: $? = 0
configure:1829: test -s conftest.o
configure:1832: $? = 0
configure:1845: result: yes
configure:1851: checking whether gcc accepts -g
configure:1872: gcc -c -g  conftest.c >&5
configure:1878: $? = 0
configure:1882: test -z 
			 || test ! -s conftest.err
configure:1885: $? = 0
configure:1888: test -s conftest.o
configure:1891: $? = 0
configure:1902: result: yes
configure:1919: checking for gcc option to accept ANSI C
configure:1989: gcc  -c  -g  conftest.c >&5
configure:1995: $? = 0
configure:1999: test -z 
			 || test ! -s conftest.err
configure:2002: $? = 0
configure:2005: test -s conftest.o
configure:2008: $? = 0
configure:2026: result: none needed
configure:2044: gcc -c  -g  conftest.c >&5
conftest.c:2:3: error: unknown type name 'choke'
   choke me
   ^
conftest.c:2:3: error: expected '=', ',', ';', 'asm' or '__attribute__' at end of input
configure:2050: $? = 1
configure: failed program was:
| #ifndef __cplusplus
|   choke me
| #endif
configure:2275: checking for Fortran 77 compiler version
configure:2278: gfortran --version </dev/null >&5
GNU Fortran (Ubuntu 5.4.1-2ubuntu1~14.04) 5.4.1 20160904
Copyright (C) 2015 Free Software Foundation, Inc.

GNU Fortran comes with NO WARRANTY, to the extent permitted by law.
You may redistribute copies of GNU Fortran
under the terms of the GNU General Public License.
For more information about these matters, see the file named COPYING

configure:2281: $? = 0
configure:2283: gfortran -v </dev/null >&5
Using built-in specs.
COLLECT_GCC=gfortran
COLLECT_LTO_WRAPPER=/usr/lib/gcc/x86_64-linux-gnu/5/lto-wrapper
Target: x86_64-linux-gnu
Configured with: ../src/configure -v --with-pkgversion='Ubuntu 5.4.1-2ubuntu1~14.04' --with-bugurl=file:///usr/share/doc/gcc-5/README.Bugs --enable-languages=c,ada,c++,java,go,d,fortran,objc,obj-c++ --prefix=/usr --program-suffix=-5 --enable-shared --enable-linker-build-id --libexecdir=/usr/lib --without-included-gettext --enable-threads=posix --libdir=/usr/lib --enable-nls --with-sysroot=/ --enable-clocale=gnu --enable-libstdcxx-debug --enable-libstdcxx-time=yes --with-default-libstdcxx-abi=gcc4-compatible --disable-libstdcxx-dual-abi --enable-gnu-unique-object --disable-vtable-verify --enable-libmpx --enable-plugin --with-system-zlib --disable-browser-plugin --enable-java-awt=gtk --enable-gtk-cairo --with-java-home=/usr/lib/jvm/java-1.5.0-gcj-5-amd64/jre --enable-java-home --with-jvm-root-dir=/usr/lib/jvm/java-1.5.0-gcj-5-amd64 --with-jvm-jar-dir=/usr/lib/jvm-exports/java-1.5.0-gcj-5-amd64 --with-arch-directory=amd64 --with-ecj-jar=/usr/share/java/eclipse-ecj.jar --enable-objc-gc --enable-multiarch --disable-werror --with-arch-32=i686 --with-abi=m64 --with-multilib-list=m32,m64,mx32 --enable-multilib --with-tune=generic --enable-checking=release --build=x86_64-linux-gnu --host=x86_64-linux-gnu --target=x86_64-linux-gnu
Thread model: posix
gcc version 5.4.1 20160904 (Ubuntu 5.4.1-2ubuntu1~14.04) 
configure:2286: $? = 0
configure:2288: gfortran -V </dev/null >&5
gfortran: error: unrecognized command line option '-V'
gfortran: fatal error: no input files
compilation terminated.
configure:2291: $? = 1
configure:2299: checking whether we are using the GNU Fortran 77 compiler
configure:2313: gfortran -c  conftest.F >&5
configure:2319: $? = 0
configure:2323: test -z 
			 || test ! -s conftest.err
configure:2326: $? = 0
configure:2329: test -s conftest.o
configure:2332: $? = 0
configure:2345: result: yes
configure:2351: checking whether gfortran accepts -g
configure:2363: gfortran -c -g conftest.f >&5
configure:2369: $? = 0
configure:2373: test -z 
			 || test ! -s conftest.err
configure:2376: $? = 0
configure:2379: test -s conftest.o
configure:2382: $? = 0
configure:2394: result: yes
configure:2424: checking for mpicc
configure:2440: found /home/proy/intelParallelStudeio/compilers_and_libraries_2016.4.258/linux/mpi/intel64/bin/mpicc
configure:2450: result: mpicc
configure:2488: checking for gawk
configure:2504: found /usr/bin/gawk
configure:2514: result: gawk
configure:2529: checking how to run the C preprocessor
configure:2564: gcc -E  conftest.c
configure:2570: $? = 0
configure:2602: gcc -E  conftest.c
conftest.c:9:28: fatal error: ac_nonexistent.h: No such file or directory
compilation terminated.
configure:2608: $? = 1
configure: failed program was:
| /* confdefs.h.  */
| 
| #define PACKAGE_NAME "PAPI"
| #define PACKAGE_TARNAME "papi"
| #define PACKAGE_VERSION "5.5.1.0"
| #define PACKAGE_STRING "PAPI 5.5.1.0"
| #define PACKAGE_BUGREPORT "ptools-perfapi@eecs.utk.edu"
| /* end confdefs.h.  */
| #include <ac_nonexistent.h>
configure:2647: result: gcc -E
configure:2671: gcc -E  conftest.c
configure:2677: $? = 0
configure:2709: gcc -E  conftest.c
conftest.c:9:28: fatal error: ac_nonexistent.h: No such file or directory
compilation terminated.
configure:2715: $? = 1
configure: failed program was:
| /* confdefs.h.  */
| 
| #define PACKAGE_NAME "PAPI"
| #define PACKAGE_TARNAME "papi"
| #define PACKAGE_VERSION "5.5.1.0"
| #define PACKAGE_STRING "PAPI 5.5.1.0"
| #define PACKAGE_BUGREPORT "ptools-perfapi@eecs.utk.edu"
| /* end confdefs.h.  */
| #include <ac_nonexistent.h>
configure:2758: checking whether ln -s works
configure:2762: result: yes
configure:2769: checking whether make sets $(MAKE)
configure:2789: result: yes
configure:2839: checking for ranlib
configure:2855: found /usr/bin/ranlib
configure:2866: result: ranlib
configure:2886: checking for egrep
configure:2896: result: grep -E
configure:2901: checking for ANSI C header files
configure:2926: gcc -c  -g  conftest.c >&5
configure:2932: $? = 0
configure:2936: test -z 
			 || test ! -s conftest.err
configure:2939: $? = 0
configure:2942: test -s conftest.o
configure:2945: $? = 0
configure:3034: gcc -o conftest  -g   conftest.c  >&5
conftest.c: In function 'main':
conftest.c:27:7: warning: implicit declaration of function 'exit' [-Wimplicit-function-declaration]
       exit(2);
       ^
conftest.c:27:7: warning: incompatible implicit declaration of built-in function 'exit'
conftest.c:27:7: note: include '<stdlib.h>' or provide a declaration of 'exit'
conftest.c:28:3: warning: incompatible implicit declaration of built-in function 'exit'
   exit (0);
   ^
conftest.c:28:3: note: include '<stdlib.h>' or provide a declaration of 'exit'
configure:3037: $? = 0
configure:3039: ./conftest
configure:3042: $? = 0
configure:3057: result: yes
configure:3067: checking for inline
configure:3088: gcc -c  -g  conftest.c >&5
configure:3094: $? = 0
configure:3098: test -z 
			 || test ! -s conftest.err
configure:3101: $? = 0
configure:3104: test -s conftest.o
configure:3107: $? = 0
configure:3119: result: inline
configure:3138: checking whether time.h and sys/time.h may both be included
configure:3163: gcc -c  -g  conftest.c >&5
configure:3169: $? = 0
configure:3173: test -z 
			 || test ! -s conftest.err
configure:3176: $? = 0
configure:3179: test -s conftest.o
configure:3182: $? = 0
configure:3193: result: yes
configure:3217: checking for sys/types.h
configure:3233: gcc -c  -g  conftest.c >&5
configure:3239: $? = 0
configure:3243: test -z 
			 || test ! -s conftest.err
configure:3246: $? = 0
configure:3249: test -s conftest.o
configure:3252: $? = 0
configure:3263: result: yes
configure:3217: checking for sys/stat.h
configure:3233: gcc -c  -g  conftest.c >&5
configure:3239: $? = 0
configure:3243: test -z 
			 || test ! -s conftest.err
configure:3246: $? = 0
configure:3249: test -s conftest.o
configure:3252: $? = 0
configure:3263: result: yes
configure:3217: checking for stdlib.h
configure:3233: gcc -c  -g  conftest.c >&5
configure:3239: $? = 0
configure:3243: test -z 
			 || test ! -s conftest.err
configure:3246: $? = 0
configure:3249: test -s conftest.o
configure:3252: $? = 0
configure:3263: result: yes
configure:3217: checking for string.h
configure:3233: gcc -c  -g  conftest.c >&5
configure:3239: $? = 0
configure:3243: test -z 
			 || test ! -s conftest.err
configure:3246: $? = 0
configure:3249: test -s conftest.o
configure:3252: $? = 0
configure:3263: result: yes
configure:3217: checking for memory.h
configure:3233: gcc -c  -g  conftest.c >&5
configure:3239: $? = 0
configure:3243: test -z 
			 || test ! -s conftest.err
configure:3246: $? = 0
configure:3249: test -s conftest.o
configure:3252: $? = 0
configure:3263: result: yes
configure:3217: checking for strings.h
configure:3233: gcc -c  -g  conftest.c >&5
configure:3239: $? = 0
configure:3243: test -z 
			 || test ! -s conftest.err
configure:3246: $? = 0
configure:3249: test -s conftest.o
configure:3252: $? = 0
configure:3263: result: yes
configure:3217: checking for inttypes.h
configure:3233: gcc -c  -g  conftest.c >&5
configure:3239: $? = 0
configure:3243: test -z 
			 || test ! -s conftest.err
configure:3246: $? = 0
configure:3249: test -s conftest.o
configure:3252: $? = 0
configure:3263: result: yes
configure:3217: checking for stdint.h
configure:3233: gcc -c  -g  conftest.c >&5
configure:3239: $? = 0
configure:3243: test -z 
			 || test ! -s conftest.err
configure:3246: $? = 0
configure:3249: test -s conftest.o
configure:3252: $? = 0
configure:3263: result: yes
configure:3217: checking for unistd.h
configure:3233: gcc -c  -g  conftest.c >&5
configure:3239: $? = 0
configure:3243: test -z 
			 || test ! -s conftest.err
configure:3246: $? = 0
configure:3249: test -s conftest.o
configure:3252: $? = 0
configure:3263: result: yes
configure:3293: checking sys/time.h usability
configure:3305: gcc -c  -g  conftest.c >&5
configure:3311: $? = 0
configure:3315: test -z 
			 || test ! -s conftest.err
configure:3318: $? = 0
configure:3321: test -s conftest.o
configure:3324: $? = 0
configure:3334: result: yes
configure:3338: checking sys/time.h presence
configure:3348: gcc -E  conftest.c
configure:3354: $? = 0
configure:3374: result: yes
configure:3409: checking for sys/time.h
configure:3416: result: yes
configure:3293: checking c_asm.h usability
configure:3305: gcc -c  -g  conftest.c >&5
conftest.c:56:19: fatal error: c_asm.h: No such file or directory
compilation terminated.
configure:3311: $? = 1
configure: failed program was:
| /* confdefs.h.  */
| 
| #define PACKAGE_NAME "PAPI"
| #define PACKAGE_TARNAME "papi"
| #define PACKAGE_VERSION "5.5.1.0"
| #define PACKAGE_STRING "PAPI 5.5.1.0"
| #define PACKAGE_BUGREPORT "ptools-perfapi@eecs.utk.edu"
| #define _GNU_SOURCE 1
| #define STDC_HEADERS 1
| #define TIME_WITH_SYS_TIME 1
| #define HAVE_SYS_TYPES_H 1
| #define HAVE_SYS_STAT_H 1
| #define HAVE_STDLIB_H 1
| #define HAVE_STRING_H 1
| #define HAVE_MEMORY_H 1
| #define HAVE_STRINGS_H 1
| #define HAVE_INTTYPES_H 1
| #define HAVE_STDINT_H 1
| #define HAVE_UNISTD_H 1
| #define HAVE_SYS_TIME_H 1
| /* end confdefs.h.  */
| #include <stdio.h>
| #if HAVE_SYS_TYPES_H
| # include <sys/types.h>
| #endif
| #if HAVE_SYS_STAT_H
| # include <sys/stat.h>
| #endif
| #if STDC_HEADERS
| # include <stdlib.h>
| # include <stddef.h>
| #else
| # if HAVE_STDLIB_H
| #  include <stdlib.h>
| # endif
| #endif
| #if HAVE_STRING_H
| # if !STDC_HEADERS && HAVE_MEMORY_H
| #  include <memory.h>
| # endif
| # include <string.h>
| #endif
| #if HAVE_STRINGS_H
| # include <strings.h>
| #endif
| #if HAVE_INTTYPES_H
| # include <inttypes.h>
| #else
| # if HAVE_STDINT_H
| #  include <stdint.h>
| # endif
| #endif
| #if HAVE_UNISTD_H
| # include <unistd.h>
| #endif
| #include <c_asm.h>
configure:3334: result: no
configure:3338: checking c_asm.h presence
configure:3348: gcc -E  conftest.c
conftest.c:22:19: fatal error: c_asm.h: No such file or directory
compilation terminated.
configure:3354: $? = 1
configure: failed program was:
| /* confdefs.h.  */
| 
| #define PACKAGE_NAME "PAPI"
| #define PACKAGE_TARNAME "papi"
| #define PACKAGE_VERSION "5.5.1.0"
| #define PACKAGE_STRING "PAPI 5.5.1.0"
| #define PACKAGE_BUGREPORT "ptools-perfapi@eecs.utk.edu"
| #define _GNU_SOURCE 1
| #define STDC_HEADERS 1
| #define TIME_WITH_SYS_TIME 1
| #define HAVE_SYS_TYPES_H 1
| #define HAVE_SYS_STAT_H 1
| #define HAVE_STDLIB_H 1
| #define HAVE_STRING_H 1
| #define HAVE_MEMORY_H 1
| #define HAVE_STRINGS_H 1
| #define HAVE_INTTYPES_H 1
| #define HAVE_STDINT_H 1
| #define HAVE_UNISTD_H 1
| #define HAVE_SYS_TIME_H 1
| /* end confdefs.h.  */
| #include <c_asm.h>
configure:3374: result: no
configure:3409: checking for c_asm.h
configure:3416: result: no
configure:3293: checking intrinsics.h usability
configure:3305: gcc -c  -g  conftest.c >&5
conftest.c:56:24: fatal error: intrinsics.h: No such file or directory
compilation terminated.
configure:3311: $? = 1
configure: failed program was:
| /* confdefs.h.  */
| 
| #define PACKAGE_NAME "PAPI"
| #define PACKAGE_TARNAME "papi"
| #define PACKAGE_VERSION "5.5.1.0"
| #define PACKAGE_STRING "PAPI 5.5.1.0"
| #define PACKAGE_BUGREPORT "ptools-perfapi@eecs.utk.edu"
| #define _GNU_SOURCE 1
| #define STDC_HEADERS 1
| #define TIME_WITH_SYS_TIME 1
| #define HAVE_SYS_TYPES_H 1
| #define HAVE_SYS_STAT_H 1
| #define HAVE_STDLIB_H 1
| #define HAVE_STRING_H 1
| #define HAVE_MEMORY_H 1
| #define HAVE_STRINGS_H 1
| #define HAVE_INTTYPES_H 1
| #define HAVE_STDINT_H 1
| #define HAVE_UNISTD_H 1
| #define HAVE_SYS_TIME_H 1
| /* end confdefs.h.  */
| #include <stdio.h>
| #if HAVE_SYS_TYPES_H
| # include <sys/types.h>
| #endif
| #if HAVE_SYS_STAT_H
| # include <sys/stat.h>
| #endif
| #if STDC_HEADERS
| # include <stdlib.h>
| # include <stddef.h>
| #else
| # if HAVE_STDLIB_H
| #  include <stdlib.h>
| # endif
| #endif
| #if HAVE_STRING_H
| # if !STDC_HEADERS && HAVE_MEMORY_H
| #  include <memory.h>
| # endif
| # include <string.h>
| #endif
| #if HAVE_STRINGS_H
| # include <strings.h>
| #endif
| #if HAVE_INTTYPES_H
| # include <inttypes.h>
| #else
| # if HAVE_STDINT_H
| #  include <stdint.h>
| # endif
| #endif
| #if HAVE_UNISTD_H
| # include <unistd.h>
| #endif
| #include <intrinsics.h>
configure:3334: result: no
configure:3338: checking intrinsics.h presence
configure:3348: gcc -E  conftest.c
conftest.c:22:24: fatal error: intrinsics.h: No such file or directory
compilation terminated.
configure:3354: $? = 1
configure: failed program was:
| /* confdefs.h.  */
| 
| #define PACKAGE_NAME "PAPI"
| #define PACKAGE_TARNAME "papi"
| #define PACKAGE_VERSION "5.5.1.0"
| #define PACKAGE_STRING "PAPI 5.5.1.0"
| #define PACKAGE_BUGREPORT "ptools-perfapi@eecs.utk.edu"
| #define _GNU_SOURCE 1
| #define STDC_HEADERS 1
| #define TIME_WITH_SYS_TIME 1
| #define HAVE_SYS_TYPES_H 1
| #define HAVE_SYS_STAT_H 1
| #define HAVE_STDLIB_H 1
| #define HAVE_STRING_H 1
| #define HAVE_MEMORY_H 1
| #define HAVE_STRINGS_H 1
| #define HAVE_INTTYPES_H 1
| #define HAVE_STDINT_H 1
| #define HAVE_UNISTD_H 1
| #define HAVE_SYS_TIME_H 1
| /* end confdefs.h.  */
| #include <intrinsics.h>
configure:3374: result: no
configure:3409: checking for intrinsics.h
configure:3416: result: no
configure:3293: checking mach/mach_time.h usability
configure:3305: gcc -c  -g  conftest.c >&5
conftest.c:56:28: fatal error: mach/mach_time.h: No such file or directory
compilation terminated.
configure:3311: $? = 1
configure: failed program was:
| /* confdefs.h.  */
| 
| #define PACKAGE_NAME "PAPI"
| #define PACKAGE_TARNAME "papi"
| #define PACKAGE_VERSION "5.5.1.0"
| #define PACKAGE_STRING "PAPI 5.5.1.0"
| #define PACKAGE_BUGREPORT "ptools-perfapi@eecs.utk.edu"
| #define _GNU_SOURCE 1
| #define STDC_HEADERS 1
| #define TIME_WITH_SYS_TIME 1
| #define HAVE_SYS_TYPES_H 1
| #define HAVE_SYS_STAT_H 1
| #define HAVE_STDLIB_H 1
| #define HAVE_STRING_H 1
| #define HAVE_MEMORY_H 1
| #define HAVE_STRINGS_H 1
| #define HAVE_INTTYPES_H 1
| #define HAVE_STDINT_H 1
| #define HAVE_UNISTD_H 1
| #define HAVE_SYS_TIME_H 1
| /* end confdefs.h.  */
| #include <stdio.h>
| #if HAVE_SYS_TYPES_H
| # include <sys/types.h>
| #endif
| #if HAVE_SYS_STAT_H
| # include <sys/stat.h>
| #endif
| #if STDC_HEADERS
| # include <stdlib.h>
| # include <stddef.h>
| #else
| # if HAVE_STDLIB_H
| #  include <stdlib.h>
| # endif
| #endif
| #if HAVE_STRING_H
| # if !STDC_HEADERS && HAVE_MEMORY_H
| #  include <memory.h>
| # endif
| # include <string.h>
| #endif
| #if HAVE_STRINGS_H
| # include <strings.h>
| #endif
| #if HAVE_INTTYPES_H
| # include <inttypes.h>
| #else
| # if HAVE_STDINT_H
| #  include <stdint.h>
| # endif
| #endif
| #if HAVE_UNISTD_H
| # include <unistd.h>
| #endif
| #include <mach/mach_time.h>
configure:3334: result: no
configure:3338: checking mach/mach_time.h presence
configure:3348: gcc -E  conftest.c
conftest.c:22:28: fatal error: mach/mach_time.h: No such file or directory
compilation terminated.
configure:3354: $? = 1
configure: failed program was:
| /* confdefs.h.  */
| 
| #define PACKAGE_NAME "PAPI"
| #define PACKAGE_TARNAME "papi"
| #define PACKAGE_VERSION "5.5.1.0"
| #define PACKAGE_STRING "PAPI 5.5.1.0"
| #define PACKAGE_BUGREPORT "ptools-perfapi@eecs.utk.edu"
| #define _GNU_SOURCE 1
| #define STDC_HEADERS 1
| #define TIME_WITH_SYS_TIME 1
| #define HAVE_SYS_TYPES_H 1
| #define HAVE_SYS_STAT_H 1
| #define HAVE_STDLIB_H 1
| #define HAVE_STRING_H 1
| #define HAVE_MEMORY_H 1
| #define HAVE_STRINGS_H 1
| #define HAVE_INTTYPES_H 1
| #define HAVE_STDINT_H 1
| #define HAVE_UNISTD_H 1
| #define HAVE_SYS_TIME_H 1
| /* end confdefs.h.  */
| #include <mach/mach_time.h>
configure:3374: result: no
configure:3409: checking for mach/mach_time.h
configure:3416: result: no
configure:3293: checking sched.h usability
configure:3305: gcc -c  -g  conftest.c >&5
configure:3311: $? = 0
configure:3315: test -z 
			 || test ! -s conftest.err
configure:3318: $? = 0
configure:3321: test -s conftest.o
configure:3324: $? = 0
configure:3334: result: yes
configure:3338: checking sched.h presence
configure:3348: gcc -E  conftest.c
configure:3354: $? = 0
configure:3374: result: yes
configure:3409: checking for sched.h
configure:3416: result: yes
configure:3438: checking for gethrtime
configure:3495: gcc -o conftest  -g   conftest.c  >&5
/tmp/ccGYRTMV.o: In function `main':
/home/proy/CCProf/CCProf/PAPI/PAPI/src/conftest.c:63: undefined reference to `gethrtime'
/tmp/ccGYRTMV.o:(.data+0x0): undefined reference to `gethrtime'
collect2: error: ld returned 1 exit status
configure:3501: $? = 1
configure: failed program was:
| /* confdefs.h.  */
| 
| #define PACKAGE_NAME "PAPI"
| #define PACKAGE_TARNAME "papi"
| #define PACKAGE_VERSION "5.5.1.0"
| #define PACKAGE_STRING "PAPI 5.5.1.0"
| #define PACKAGE_BUGREPORT "ptools-perfapi@eecs.utk.edu"
| #define _GNU_SOURCE 1
| #define STDC_HEADERS 1
| #define TIME_WITH_SYS_TIME 1
| #define HAVE_SYS_TYPES_H 1
| #define HAVE_SYS_STAT_H 1
| #define HAVE_STDLIB_H 1
| #define HAVE_STRING_H 1
| #define HAVE_MEMORY_H 1
| #define HAVE_STRINGS_H 1
| #define HAVE_INTTYPES_H 1
| #define HAVE_STDINT_H 1
| #define HAVE_UNISTD_H 1
| #define HAVE_SYS_TIME_H 1
| #define HAVE_SCHED_H 1
| /* end confdefs.h.  */
| /* Define gethrtime to an innocuous variant, in case <limits.h> declares gethrtime.
|    For example, HP-UX 11i <limits.h> declares gettimeofday.  */
| #define gethrtime innocuous_gethrtime
| 
| /* System header to define __stub macros and hopefully few prototypes,
|     which can conflict with char gethrtime (); below.
|     Prefer <limits.h> to <assert.h> if __STDC__ is defined, since
|     <limits.h> exists even on freestanding compilers.  */
| 
| #ifdef __STDC__
| # include <limits.h>
| #else
| # include <assert.h>
| #endif
| 
| #undef gethrtime
| 
| /* Override any gcc2 internal prototype to avoid an error.  */
| #ifdef __cplusplus
| extern "C"
| {
| #endif
| /* We use char because int might match the return type of a gcc2
|    builtin and then its argument prototype would still apply.  */
| char gethrtime ();
| /* The GNU C library defines this for functions which it implements
|     to always fail with ENOSYS.  Some functions are actually named
|     something starting with __ and the normal name is an alias.  */
| #if defined (__stub_gethrtime) || defined (__stub___gethrtime)
| choke me
| #else
| char (*f) () = gethrtime;
| #endif
| #ifdef __cplusplus
| }
| #endif
| 
| int
| main ()
| {
| return f != gethrtime;
|   ;
|   return 0;
| }
configure:3526: result: no
configure:3438: checking for read_real_time
configure:3495: gcc -o conftest  -g   conftest.c  >&5
/tmp/ccHdDqWX.o: In function `main':
/home/proy/CCProf/CCProf/PAPI/PAPI/src/conftest.c:63: undefined reference to `read_real_time'
/tmp/ccHdDqWX.o:(.data+0x0): undefined reference to `read_real_time'
collect2: error: ld returned 1 exit status
configure:3501: $? = 1
configure: failed program was:
| /* confdefs.h.  */
| 
| #define PACKAGE_NAME "PAPI"
| #define PACKAGE_TARNAME "papi"
| #define PACKAGE_VERSION "5.5.1.0"
| #define PACKAGE_STRING "PAPI 5.5.1.0"
| #define PACKAGE_BUGREPORT "ptools-perfapi@eecs.utk.edu"
| #define _GNU_SOURCE 1
| #define STDC_HEADERS 1
| #define TIME_WITH_SYS_TIME 1
| #define HAVE_SYS_TYPES_H 1
| #define HAVE_SYS_STAT_H 1
| #define HAVE_STDLIB_H 1
| #define HAVE_STRING_H 1
| #define HAVE_MEMORY_H 1
| #define HAVE_STRINGS_H 1
| #define HAVE_INTTYPES_H 1
| #define HAVE_STDINT_H 1
| #define HAVE_UNISTD_H 1
| #define HAVE_SYS_TIME_H 1
| #define HAVE_SCHED_H 1
| /* end confdefs.h.  */
| /* Define read_real_time to an innocuous variant, in case <limits.h> declares read_real_time.
|    For example, HP-UX 11i <limits.h> declares gettimeofday.  */
| #define read_real_time innocuous_read_real_time
| 
| /* System header to define __stub macros and hopefully few prototypes,
|     which can conflict with char read_real_time (); below.
|     Prefer <limits.h> to <assert.h> if __STDC__ is defined, since
|     <limits.h> exists even on freestanding compilers.  */
| 
| #ifdef __STDC__
| # include <limits.h>
| #else
| # include <assert.h>
| #endif
| 
| #undef read_real_time
| 
| /* Override any gcc2 internal prototype to avoid an error.  */
| #ifdef __cplusplus
| extern "C"
| {
| #endif
| /* We use char because int might match the return type of a gcc2
|    builtin and then its argument prototype would still apply.  */
| char read_real_time ();
| /* The GNU C library defines this for functions which it implements
|     to always fail with ENOSYS.  Some functions are actually named
|     something starting with __ and the normal name is an alias.  */
| #if defined (__stub_read_real_time) || defined (__stub___read_real_time)
| choke me
| #else
| char (*f) () = read_real_time;
| #endif
| #ifdef __cplusplus
| }
| #endif
| 
| int
| main ()
| {
| return f != read_real_time;
|   ;
|   return 0;
| }
configure:3526: result: no
configure:3438: checking for time_base_to_time
configure:3495: gcc -o conftest  -g   conftest.c  >&5
/tmp/ccbbtmi0.o: In function `main':
/home/proy/CCProf/CCProf/PAPI/PAPI/src/conftest.c:63: undefined reference to `time_base_to_time'
/tmp/ccbbtmi0.o:(.data+0x0): undefined reference to `time_base_to_time'
collect2: error: ld returned 1 exit status
configure:3501: $? = 1
configure: failed program was:
| /* confdefs.h.  */
| 
| #define PACKAGE_NAME "PAPI"
| #define PACKAGE_TARNAME "papi"
| #define PACKAGE_VERSION "5.5.1.0"
| #define PACKAGE_STRING "PAPI 5.5.1.0"
| #define PACKAGE_BUGREPORT "ptools-perfapi@eecs.utk.edu"
| #define _GNU_SOURCE 1
| #define STDC_HEADERS 1
| #define TIME_WITH_SYS_TIME 1
| #define HAVE_SYS_TYPES_H 1
| #define HAVE_SYS_STAT_H 1
| #define HAVE_STDLIB_H 1
| #define HAVE_STRING_H 1
| #define HAVE_MEMORY_H 1
| #define HAVE_STRINGS_H 1
| #define HAVE_INTTYPES_H 1
| #define HAVE_STDINT_H 1
| #define HAVE_UNISTD_H 1
| #define HAVE_SYS_TIME_H 1
| #define HAVE_SCHED_H 1
| /* end confdefs.h.  */
| /* Define time_base_to_time to an innocuous variant, in case <limits.h> declares time_base_to_time.
|    For example, HP-UX 11i <limits.h> declares gettimeofday.  */
| #define time_base_to_time innocuous_time_base_to_time
| 
| /* System header to define __stub macros and hopefully few prototypes,
|     which can conflict with char time_base_to_time (); below.
|     Prefer <limits.h> to <assert.h> if __STDC__ is defined, since
|     <limits.h> exists even on freestanding compilers.  */
| 
| #ifdef __STDC__
| # include <limits.h>
| #else
| # include <assert.h>
| #endif
| 
| #undef time_base_to_time
| 
| /* Override any gcc2 internal prototype to avoid an error.  */
| #ifdef __cplusplus
| extern "C"
| {
| #endif
| /* We use char because int might match the return type of a gcc2
|    builtin and then its argument prototype would still apply.  */
| char time_base_to_time ();
| /* The GNU C library defines this for functions which it implements
|     to always fail with ENOSYS.  Some functions are actually named
|     something starting with __ and the normal name is an alias.  */
| #if defined (__stub_time_base_to_time) || defined (__stub___time_base_to_time)
| choke me
| #else
| char (*f) () = time_base_to_time;
| #endif
| #ifdef __cplusplus
| }
| #endif
| 
| int
| main ()
| {
| return f != time_base_to_time;
|   ;
|   return 0;
| }
configure:3526: result: no
configure:3438: checking for clock_gettime
configure:3495: gcc -o conftest  -g   conftest.c  >&5
configure:3501: $? = 0
configure:3505: test -z 
			 || test ! -s conftest.err
configure:3508: $? = 0
configure:3511: test -s conftest
configure:3514: $? = 0
configure:3526: result: yes
configure:3438: checking for mach_absolute_time
configure:3495: gcc -o conftest  -g   conftest.c  >&5
/tmp/ccgptFf8.o: In function `main':
/home/proy/CCProf/CCProf/PAPI/PAPI/src/conftest.c:64: undefined reference to `mach_absolute_time'
/tmp/ccgptFf8.o:(.data+0x0): undefined reference to `mach_absolute_time'
collect2: error: ld returned 1 exit status
configure:3501: $? = 1
configure: failed program was:
| /* confdefs.h.  */
| 
| #define PACKAGE_NAME "PAPI"
| #define PACKAGE_TARNAME "papi"
| #define PACKAGE_VERSION "5.5.1.0"
| #define PACKAGE_STRING "PAPI 5.5.1.0"
| #define PACKAGE_BUGREPORT "ptools-perfapi@eecs.utk.edu"
| #define _GNU_SOURCE 1
| #define STDC_HEADERS 1
| #define TIME_WITH_SYS_TIME 1
| #define HAVE_SYS_TYPES_H 1
| #define HAVE_SYS_STAT_H 1
| #define HAVE_STDLIB_H 1
| #define HAVE_STRING_H 1
| #define HAVE_MEMORY_H 1
| #define HAVE_STRINGS_H 1
| #define HAVE_INTTYPES_H 1
| #define HAVE_STDINT_H 1
| #define HAVE_UNISTD_H 1
| #define HAVE_SYS_TIME_H 1
| #define HAVE_SCHED_H 1
| #define HAVE_CLOCK_GETTIME 1
| /* end confdefs.h.  */
| /* Define mach_absolute_time to an innocuous variant, in case <limits.h> declares mach_absolute_time.
|    For example, HP-UX 11i <limits.h> declares gettimeofday.  */
| #define mach_absolute_time innocuous_mach_absolute_time
| 
| /* System header to define __stub macros and hopefully few prototypes,
|     which can conflict with char mach_absolute_time (); below.
|     Prefer <limits.h> to <assert.h> if __STDC__ is defined, since
|     <limits.h> exists even on freestanding compilers.  */
| 
| #ifdef __STDC__
| # include <limits.h>
| #else
| # include <assert.h>
| #endif
| 
| #undef mach_absolute_time
| 
| /* Override any gcc2 internal prototype to avoid an error.  */
| #ifdef __cplusplus
| extern "C"
| {
| #endif
| /* We use char because int might match the return type of a gcc2
|    builtin and then its argument prototype would still apply.  */
| char mach_absolute_time ();
| /* The GNU C library defines this for functions which it implements
|     to always fail with ENOSYS.  Some functions are actually named
|     something starting with __ and the normal name is an alias.  */
| #if defined (__stub_mach_absolute_time) || defined (__stub___mach_absolute_time)
| choke me
| #else
| char (*f) () = mach_absolute_time;
| #endif
| #ifdef __cplusplus
| }
| #endif
| 
| int
| main ()
| {
| return f != mach_absolute_time;
|   ;
|   return 0;
| }
configure:3526: result: no
configure:3438: checking for sched_getcpu
configure:3495: gcc -o conftest  -g   conftest.c  >&5
configure:3501: $? = 0
configure:3505: test -z 
			 || test ! -s conftest.err
configure:3508: $? = 0
configure:3511: test -s conftest
configure:3514: $? = 0
configure:3526: result: yes
configure:3542: checking for dlopen and dlerror symbols in base system
configure:3560: gcc -o conftest  -g   conftest.c  >&5
/tmp/cchsvX1d.o: In function `main':
/home/proy/CCProf/CCProf/PAPI/PAPI/src/conftest.c:29: undefined reference to `dlopen'
/home/proy/CCProf/CCProf/PAPI/PAPI/src/conftest.c:29: undefined reference to `dlerror'
collect2: error: ld returned 1 exit status
configure:3566: $? = 1
configure: failed program was:
| /* confdefs.h.  */
| 
| #define PACKAGE_NAME "PAPI"
| #define PACKAGE_TARNAME "papi"
| #define PACKAGE_VERSION "5.5.1.0"
| #define PACKAGE_STRING "PAPI 5.5.1.0"
| #define PACKAGE_BUGREPORT "ptools-perfapi@eecs.utk.edu"
| #define _GNU_SOURCE 1
| #define STDC_HEADERS 1
| #define TIME_WITH_SYS_TIME 1
| #define HAVE_SYS_TYPES_H 1
| #define HAVE_SYS_STAT_H 1
| #define HAVE_STDLIB_H 1
| #define HAVE_STRING_H 1
| #define HAVE_MEMORY_H 1
| #define HAVE_STRINGS_H 1
| #define HAVE_INTTYPES_H 1
| #define HAVE_STDINT_H 1
| #define HAVE_UNISTD_H 1
| #define HAVE_SYS_TIME_H 1
| #define HAVE_SCHED_H 1
| #define HAVE_CLOCK_GETTIME 1
| #define HAVE_SCHED_GETCPU 1
| /* end confdefs.h.  */
| #include <dlfcn.h>
| int
| main ()
| {
| void *p = dlopen ("", 0); char *c = dlerror();
|   ;
|   return 0;
| }
configure:3595: result: not found
configure:3597: checking for dlopen and dlerror symbols in -ldl
configure:3617: gcc -o conftest  -g   conftest.c  -ldl >&5
configure:3623: $? = 0
configure:3627: test -z 
			 || test ! -s conftest.err
configure:3630: $? = 0
configure:3633: test -s conftest
configure:3636: $? = 0
configure:3649: result: found
configure:3861: checking for debug build
configure:3882: result: 
configure:3896: checking for -Wno-override-init
configure:3906: gcc -c  -g -Wall -Wextra -Werror -Wno-override-init  conftest.c >&5
configure:3912: $? = 0
configure:3916: test -z 
			 || test ! -s conftest.err
configure:3919: $? = 0
configure:3922: test -s conftest.o
configure:3925: $? = 0
configure:3936: result: 1
configure:3940: checking for CPU type
configure:4293: result: x86
configure:4332: checking for ffsll
configure:4389: gcc -o conftest  -g   conftest.c  >&5
conftest.c:50:6: warning: conflicting types for built-in function 'ffsll'
 char ffsll ();
      ^
configure:4395: $? = 0
configure:4399: test -z 
			 || test ! -s conftest.err
configure:4402: $? = 0
configure:4405: test -s conftest
configure:4408: $? = 0
configure:4420: result: yes
configure:4443: checking for working gettid
configure:4450: gcc -o conftest  -g   conftest.c  >&5
conftest.c:2:17: warning: return type defaults to 'int' [-Wimplicit-int]
                 main() { pid_t a = gettid(); }
                 ^
conftest.c: In function 'main':
conftest.c:2:36: warning: implicit declaration of function 'gettid' [-Wimplicit-function-declaration]
                 main() { pid_t a = gettid(); }
                                    ^
/tmp/ccBU8oyb.o: In function `main':
/home/proy/CCProf/CCProf/PAPI/PAPI/src/conftest.c:2: undefined reference to `gettid'
collect2: error: ld returned 1 exit status
configure:4456: $? = 1
configure: failed program was:
| #include <sys/types.h>
|                 main() { pid_t a = gettid(); }
configure:4482: result: no
configure:4484: checking for working syscall(SYS_gettid)
configure:4492: gcc -o conftest  -g   conftest.c  >&5
conftest.c:3:33: warning: return type defaults to 'int' [-Wimplicit-int]
                                 main() { pid_t a = syscall(SYS_gettid); }
                                 ^
conftest.c: In function 'main':
conftest.c:3:52: warning: implicit declaration of function 'syscall' [-Wimplicit-function-declaration]
                                 main() { pid_t a = syscall(SYS_gettid); }
                                                    ^
configure:4498: $? = 0
configure:4502: test -z 
			 || test ! -s conftest.err
configure:4505: $? = 0
configure:4508: test -s conftest
configure:4511: $? = 0
configure:4513: result: yes
configure:4544: checking for working MMTIMER
configure:4580: gcc -o conftest  -g   conftest.c  >&5
configure:4583: $? = 0
configure:4585: ./conftest
configure:4588: $? = 1
configure: program exited with status 1
configure: failed program was:
| /* confdefs.h.  */
| 
| #define PACKAGE_NAME "PAPI"
| #define PACKAGE_TARNAME "papi"
| #define PACKAGE_VERSION "5.5.1.0"
| #define PACKAGE_STRING "PAPI 5.5.1.0"
| #define PACKAGE_BUGREPORT "ptools-perfapi@eecs.utk.edu"
| #define _GNU_SOURCE 1
| #define STDC_HEADERS 1
| #define TIME_WITH_SYS_TIME 1
| #define HAVE_SYS_TYPES_H 1
| #define HAVE_SYS_STAT_H 1
| #define HAVE_STDLIB_H 1
| #define HAVE_STRING_H 1
| #define HAVE_MEMORY_H 1
| #define HAVE_STRINGS_H 1
| #define HAVE_INTTYPES_H 1
| #define HAVE_STDINT_H 1
| #define HAVE_UNISTD_H 1
| #define HAVE_SYS_TIME_H 1
| #define HAVE_SCHED_H 1
| #define HAVE_CLOCK_GETTIME 1
| #define HAVE_SCHED_GETCPU 1
| #define CPU x86
| #define HAVE_SYSCALL_GETTID 1
| /* end confdefs.h.  */
| #include <unistd.h>
|                          #include <fcntl.h>
|                          #include <errno.h>
|                          #include <stdlib.h>
|                          #include <sys/ioctl.h>
|                          #include <linux/mmtimer.h>
|                          #ifndef MMTIMER_FULLNAME
|                          #define MMTIMER_FULLNAME "/dev/mmtimer"
|                          #endif
|                          int main() {
|                            int offset;
|                            int fd;
|                            if((fd = open(MMTIMER_FULLNAME, O_RDONLY)) == -1)
|                              exit(1);
|                            if ((offset = ioctl(fd, MMTIMER_GETOFFSET, 0)) < 0)
|                              exit(1);
|                            close(fd);
|                            exit(0);
|                          }
configure:4599: result: no
configure:4601: checking for working CLOCK_REALTIME_HR POSIX 1b timer
configure:4635: gcc -o conftest  -g   conftest.c  >&5
conftest.c:32:38: warning: return type defaults to 'int' [-Wimplicit-int]
                                      main() {
                                      ^
conftest.c: In function 'main':
conftest.c:35:71: error: 'CLOCK_REALTIME_HR' undeclared (first use in this function)
                                        if (syscall(__NR_clock_gettime,CLOCK_REALTIME_HR,&t1) == -1) exit(1);
                                                                       ^
conftest.c:35:71: note: each undeclared identifier is reported only once for each function it appears in
configure:4638: $? = 1
configure: program exited with status 1
configure: failed program was:
| /* confdefs.h.  */
| 
| #define PACKAGE_NAME "PAPI"
| #define PACKAGE_TARNAME "papi"
| #define PACKAGE_VERSION "5.5.1.0"
| #define PACKAGE_STRING "PAPI 5.5.1.0"
| #define PACKAGE_BUGREPORT "ptools-perfapi@eecs.utk.edu"
| #define _GNU_SOURCE 1
| #define STDC_HEADERS 1
| #define TIME_WITH_SYS_TIME 1
| #define HAVE_SYS_TYPES_H 1
| #define HAVE_SYS_STAT_H 1
| #define HAVE_STDLIB_H 1
| #define HAVE_STRING_H 1
| #define HAVE_MEMORY_H 1
| #define HAVE_STRINGS_H 1
| #define HAVE_INTTYPES_H 1
| #define HAVE_STDINT_H 1
| #define HAVE_UNISTD_H 1
| #define HAVE_SYS_TIME_H 1
| #define HAVE_SCHED_H 1
| #define HAVE_CLOCK_GETTIME 1
| #define HAVE_SCHED_GETCPU 1
| #define CPU x86
| #define HAVE_SYSCALL_GETTID 1
| /* end confdefs.h.  */
| #include <unistd.h>
|                                      #include <stdlib.h>
|                                      #include <stdio.h>
|                                      #include <time.h>
|                                      #include <syscall.h>
|                                      main() {
|                                        struct timespec t1, t2;
|                                        double seconds;
|                                        if (syscall(__NR_clock_gettime,CLOCK_REALTIME_HR,&t1) == -1) exit(1);
|                                          sleep(1);
|                                        if (syscall(__NR_clock_gettime,CLOCK_REALTIME_HR,&t2) == -1) exit(1);
|                                          seconds = ((double)t2.tv_sec + (double)t2.tv_nsec/1000000000.0) - ((double)t1.tv_sec + (double)t1.tv_nsec/1000000000.0);
|                                        if (seconds > 1.0)
|                                          exit(0);
|                                        else
|                                          exit(1);
|                                      }
configure:4654: result: no
configure:4656: checking for working CLOCK_REALTIME POSIX 1b timer
configure:4690: gcc -o conftest  -g   conftest.c  >&5
conftest.c:32:50: warning: return type defaults to 'int' [-Wimplicit-int]
                                                  main() {
                                                  ^
configure:4693: $? = 0
configure:4695: ./conftest
configure:4698: $? = 0
configure:4701: result: yes
configure:4722: checking for real time clock or cycle counter
configure:4789: checking for working __thread
configure:4828: gcc -o conftest -pthread   conftest.c  >&5
conftest.c: In function 'thread_main':
conftest.c:34:34: warning: cast from pointer to integer of different size [-Wpointer-to-int-cast]
                              i = (int)arg;
                                  ^
conftest.c:36:34: warning: cast from pointer to integer of different size [-Wpointer-to-int-cast]
                              if ((int)arg == 1)
                                  ^
conftest.c:37:39: warning: cast from pointer to integer of different size [-Wpointer-to-int-cast]
                          res1 = (i == (int)arg);
                                       ^
conftest.c:39:39: warning: cast from pointer to integer of different size [-Wpointer-to-int-cast]
                          res2 = (i == (int)arg);
                                       ^
conftest.c: In function 'main':
conftest.c:45:57: warning: passing argument 3 of 'pthread_create' from incompatible pointer type [-Wincompatible-pointer-types]
                              pthread_create (&t1, NULL, thread_main, (void *)1);
                                                         ^
In file included from conftest.c:29:0:
/usr/include/pthread.h:244:12: note: expected 'void * (*)(void *)' but argument is of type 'void (*)(void *)'
 extern int pthread_create (pthread_t *__restrict __newthread,
            ^
conftest.c:46:57: warning: passing argument 3 of 'pthread_create' from incompatible pointer type [-Wincompatible-pointer-types]
                              pthread_create (&t2, NULL, thread_main, (void *)2);
                                                         ^
In file included from conftest.c:29:0:
/usr/include/pthread.h:244:12: note: expected 'void * (*)(void *)' but argument is of type 'void (*)(void *)'
 extern int pthread_create (pthread_t *__restrict __newthread,
            ^
configure:4831: $? = 0
configure:4833: ./conftest
configure:4836: $? = 0
configure:4838: result: yes
configure:4870: checking for high performance thread local storage
configure:4885: result: __thread
configure:4899: checking for working CLOCK_THREAD_CPUTIME_ID POSIX 1b timer
configure:4976: gcc -o conftest -pthread   conftest.c  >&5
conftest.c: In function 'doThreadTwo':
conftest.c:71:34: warning: return makes pointer from integer without a cast [-Wint-conversion]
                           return j;
                                  ^
configure:4979: $? = 0
configure:4981: ./conftest
configure:4984: $? = 0
configure:4986: result: yes
configure:5100: checking for thread virtual clock or cycle counter
configure:5133: result: clock_thread_cputime_id
configure:5308: checking for which libraries to build
configure:5337: result: shared static
configure:5341: checking for link test cases with shared library
configure:5372: result: 
configure:5400: checking for /sys/class/perfctr
configure:5415: result: no
configure:5420: checking for /dev/perfctr
configure:5435: result: no
configure:5826: checking for /sys/kernel/perfmon/version
configure:5841: result: no
configure:5846: checking for /proc/perfmon
configure:5861: result: no
configure:5971: checking for /proc/sys/kernel/perf_event_paranoid
configure:5986: result: yes
configure:5991: checking for libpfm4/include/perfmon/perf_event.h
configure:6006: result: yes
configure:6919: checking platform
configure:7120: result: linux-pe
configure:7529: checking for components to build
configure:7638: result: perf_event perf_event_uncore
configure:7746: Compiling genpapifdef with gcc
configure:7751: Generating fpapi.h
configure:7754: Generating f77papi.h
configure:7757: Generating f90papi.h
configure:7761: Rules.pfm4_pe will be included in the generated Makefile
configure:7862: creating ./config.status

## ---------------------- ##
## Running config.status. ##
## ---------------------- ##

This file was extended by PAPI config.status 5.5.1.0, which was
generated by GNU Autoconf 2.59.  Invocation command line was

  CONFIG_FILES    = 
  CONFIG_HEADERS  = 
  CONFIG_LINKS    = 
  CONFIG_COMMANDS = 
  $ ./config.status 

on ksunserver3

config.status:730: creating Makefile
config.status:730: creating papi.pc
config.status:730: creating components/Makefile_comp_tests.target
config.status:730: creating testlib/Makefile.target
config.status:730: creating ctests/Makefile.target
config.status:730: creating ftests/Makefile.target
config.status:833: creating config.h
config.status:965: config.h is unchanged

## ---------------- ##
## Cache variables. ##
## ---------------- ##

ac_cv_c_compiler_gnu=yes
ac_cv_c_inline=inline
ac_cv_env_CC_set=set
ac_cv_env_CC_value=gcc
ac_cv_env_CFLAGS_set=
ac_cv_env_CFLAGS_value=
ac_cv_env_CPPFLAGS_set=
ac_cv_env_CPPFLAGS_value=
ac_cv_env_CPP_set=
ac_cv_env_CPP_value=
ac_cv_env_F77_set=set
ac_cv_env_F77_value=gfortran
ac_cv_env_FFLAGS_set=
ac_cv_env_FFLAGS_value=
ac_cv_env_LDFLAGS_set=
ac_cv_env_LDFLAGS_value=
ac_cv_env_build_alias_set=
ac_cv_env_build_alias_value=
ac_cv_env_host_alias_set=
ac_cv_env_host_alias_value=
ac_cv_env_target_alias_set=
ac_cv_env_target_alias_value=
ac_cv_exeext=
ac_cv_f77_compiler_gnu=yes
ac_cv_file__dev_perfctr=no
ac_cv_file__proc_perfmon=no
ac_cv_file__proc_sys_kernel_perf_event_paranoid=yes
ac_cv_file__sys_class_perfctr=no
ac_cv_file__sys_kernel_perfmon_version=no
ac_cv_file_libpfm4_include_perfmon_perf_event_h=yes
ac_cv_func_clock_gettime=yes
ac_cv_func_ffsll=yes
ac_cv_func_gethrtime=no
ac_cv_func_mach_absolute_time=no
ac_cv_func_read_real_time=no
ac_cv_func_sched_getcpu=yes
ac_cv_func_time_base_to_time=no
ac_cv_header_c_asm_h=no
ac_cv_header_intrinsics_h=no
ac_cv_header_inttypes_h=yes
ac_cv_header_mach_mach_time_h=no
ac_cv_header_memory_h=yes
ac_cv_header_sched_h=yes
ac_cv_header_stdc=yes
ac_cv_header_stdint_h=yes
ac_cv_header_stdlib_h=yes
ac_cv_header_string_h=yes
ac_cv_header_strings_h=yes
ac_cv_header_sys_stat_h=yes
ac_cv_header_sys_time_h=yes
ac_cv_header_sys_types_h=yes
ac_cv_header_time=yes
ac_cv_header_unistd_h=yes
ac_cv_objext=o
ac_cv_prog_AWK=gawk
ac_cv_prog_CPP='gcc -E'
ac_cv_prog_MPICC=mpicc
ac_cv_prog_ac_ct_RANLIB=ranlib
ac_cv_prog_cc_g=yes
ac_cv_prog_cc_stdc=
ac_cv_prog_egrep='grep -E'
ac_cv_prog_f77_g=yes
ac_cv_prog_make_make_set=yes

## ----------------- ##
## Output variables. ##
## ----------------- ##

AR='ar'
ARCH_EVENTS=''
ARG64=''
AWK='gawk'
BGPM_INSTALL_DIR=''
BGP_SYSDIR=''
BITFLAGS=''
CC='gcc'
CC_COMMON_NAME='gcc'
CC_R='$(CC) -pthread'
CC_SHR='$(CC) -fPIC -DPIC -shared -Wl,-soname -Wl,$(VLIB) -Xlinker "-rpath" -Xlinker "$(LIBDIR)"'
CFLAGS=' -g -DSTATIC_PAPI_EVENTS_TABLE -DPEINCLUDE=\"libpfm4/include/perfmon/perf_event.h\" -D_REENTRANT -D_GNU_SOURCE -DUSE_COMPILER_TLS  -Wall'
COMPONENTS=' perf_event perf_event_uncore'
COMPONENT_RULES='components/Rules.components components/perf_event/Rules.perf_event components/perf_event_uncore/Rules.perf_event_uncore'
CPP='gcc -E'
CPPFLAGS=' -Ilibpfm4/include'
CPU='x86'
CPUCOMPONENT_C=''
CPUCOMPONENT_NAME='perf_event'
CPUCOMPONENT_OBJ=''
CPU_MODEL=''
CTEST_TARGETS='all'
DEBUGFLAGS='-DPAPI_NO_MEMORY_MANAGEMENT'
DEFS='-DHAVE_CONFIG_H'
DESCR=''
ECHO_C=''
ECHO_N='-n'
ECHO_T=''
EGREP='grep -E'
EXEEXT=''
EXTRA_CFLAGS='-Wextra'
F77='gfortran'
FFLAGS='  -Dlinux -Wall -ffixed-line-length-132'
FILENAME='Rules.pfm4_pe'
FLAGS=''
FTEST_TARGETS='all'
HAVE_NO_OVERRIDE_INIT='1'
LDFLAGS=''
LDL='-ldl'
LIBOBJS=''
LIBRARY='libpapi.a'
LIBS=''
LINKLIB='$(LIBRARY)'
LN_S='ln -s'
LTLIBOBJS=''
MAKEVER='linux-pe'
MIC='no'
MISCHDRS=''
MISCOBJS='$(MISCSRCS:.c=.o)'
MISCSRCS=' x86_cpuid_info.c'
MPICC='mpicc'
NOOPT=''
NOTLS='-DUSE_COMPILER_TLS'
OBJEXT='o'
OMPCFLGS='-fopenmp'
OPTFLAGS='-O2 -DPAPI_NO_MEMORY_MANAGEMENT'
OS='linux'
OSCONTEXT='linux-context.h'
OSFILESHDR='linux-memory.h linux-timer.h linux-common.h'
OSFILESOBJ='$(OSFILESSRC:.c=.o)'
OSFILESSRC='linux-memory.c linux-timer.c linux-common.c'
OSLOCK='linux-lock.h'
PACKAGE_BUGREPORT='ptools-perfapi@eecs.utk.edu'
PACKAGE_NAME='PAPI'
PACKAGE_STRING='PAPI 5.5.1.0'
PACKAGE_TARNAME='papi'
PACKAGE_VERSION='5.5.1.0'
PAPI_EVENTS_CSV='papi_events.csv'
PATH_SEPARATOR=':'
PMAPI=''
PMINIT=''
POST_BUILD=''
RANLIB='ranlib'
SETPATH=''
SET_MAKE=''
SHELL='/bin/sh'
SHLIB='libpapi.so.5.5.1.0'
SHLIBDEPS=''
SHOW_CONF='showconf'
SMPCFLGS=''
STATIC=''
TESTS=''
TOPTFLAGS='-O0'
UTIL_TARGETS='papi_avail papi_mem_info papi_cost papi_clockres papi_native_avail papi_command_line papi_event_chooser papi_decode papi_xml_event_info papi_version papi_multiplex_cost papi_component_avail papi_error_codes'
VERSION=''
VLIB='libpapi.so.$(PAPIVER)'
ac_ct_CC=''
ac_ct_F77=''
ac_ct_RANLIB='ranlib'
altix=''
arch='x86_64'
bindir='${exec_prefix}/bin'
build_alias=''
cpu_option=''
datadir='${prefix}/share'
datarootdir=''
docdir=''
exec_prefix='${prefix}'
host_alias=''
includedir='${prefix}/include'
infodir='${prefix}/info'
libdir='${exec_prefix}/lib'
libexecdir='${exec_prefix}/libexec'
localstatedir='${prefix}/var'
mandir='${prefix}/man'
old_pfmv2='n'
oldincludedir='/usr/include'
papiLIBS='shared static'
papi_events='static'
papi_events_table='papi_events_table.h'
perfctr_incdir=''
perfctr_libdir=''
perfctr_prefix=''
perfctr_root=''
pfm_incdir='libpfm4/include'
pfm_libdir=''
pfm_prefix=''
pfm_root=''
prefix='/home/proy/CCProf/CCProf/PAPI/PAPI/install'
program_transform_name='s,x,x,'
sbindir='${exec_prefix}/sbin'
sharedstatedir='${prefix}/com'
sysconfdir='${prefix}/etc'
target_alias=''
tests='ctests ftests comp_tests'

## ----------- ##
## confdefs.h. ##
## ----------- ##

#define CPU x86
#define HAVE_CLOCK_GETTIME 1
#define HAVE_CLOCK_GETTIME 1
#define HAVE_CLOCK_GETTIME_REALTIME 1
#define HAVE_CLOCK_GETTIME_THREAD CLOCK_THREAD_CPUTIME_ID
#define HAVE_INTTYPES_H 1
#define HAVE_MEMORY_H 1
#define HAVE_PERFMON_PFMLIB_MONTECITO_H 1
#define HAVE_PFMLIB_OUTPUT_PFP_PMD_COUNT 1
#define HAVE_PFM_GET_EVENT_DESCRIPTION 1
#define HAVE_SCHED_GETCPU 1
#define HAVE_SCHED_H 1
#define HAVE_STDINT_H 1
#define HAVE_STDLIB_H 1
#define HAVE_STRINGS_H 1
#define HAVE_STRING_H 1
#define HAVE_SYSCALL_GETTID 1
#define HAVE_SYS_STAT_H 1
#define HAVE_SYS_TIME_H 1
#define HAVE_SYS_TYPES_H 1
#define HAVE_THREAD_LOCAL_STORAGE __thread
#define HAVE_UNISTD_H 1
#define PACKAGE_BUGREPORT "ptools-perfapi@eecs.utk.edu"
#define PACKAGE_NAME "PAPI"
#define PACKAGE_STRING "PAPI 5.5.1.0"
#define PACKAGE_TARNAME "papi"
#define PACKAGE_VERSION "5.5.1.0"
#define STDC_HEADERS 1
#define TIME_WITH_SYS_TIME 1
#define _GNU_SOURCE 1

configure: exit 0
